<?xml version="1.0" encoding="UTF-8"?>
<!-- Generated by org.testng.reporters.JUnitXMLReporter -->
<testsuite hostname="DESKTOP-V46V074" ignored="0" name="Default test" tests="3" failures="0" timestamp="17 Dec 2020 00:36:39 GMT" time="0.076" errors="0">
  <testcase name="login" time="0.014" classname="testngconcepts.TC004_DataProvider"/>
  <testcase name="login" time="0.001" classname="testngconcepts.TC004_DataProvider"/>
  <testcase name="login" time="0.001" classname="testngconcepts.TC004_DataProvider"/>
</testsuite> <!-- Default test -->
