<?xml version="1.0" encoding="UTF-8"?>
<!-- Generated by org.testng.reporters.JUnitXMLReporter -->
<testsuite hostname="DESKTOP-V46V074" ignored="0" name="TC003_browserOpening" tests="5" failures="0" timestamp="17 Dec 2020 01:44:47 GMT" time="0.049" errors="0">
  <testcase name="invoke" time="0.014" classname="testngconcepts.TC003_browserOpening"/>
  <testcase name="invoke" time="0.004" classname="testngconcepts.TC003_browserOpening"/>
  <testcase name="invoke" time="0.002" classname="testngconcepts.TC003_browserOpening"/>
  <testcase name="invoke" time="0.002" classname="testngconcepts.TC003_browserOpening"/>
  <testcase name="invoke" time="0.003" classname="testngconcepts.TC003_browserOpening"/>
</testsuite> <!-- TC003_browserOpening -->
