<?xml version="1.0" encoding="UTF-8"?>
<!-- Generated by org.testng.reporters.JUnitXMLReporter -->
<testsuite hostname="DESKTOP-V46V074" ignored="0" name="TC004_DataProvider" tests="3" failures="0" timestamp="17 Dec 2020 01:44:48 GMT" time="0.085" errors="0">
  <testcase name="login" time="0.002" classname="testngconcepts.TC004_DataProvider"/>
  <testcase name="login" time="0.004" classname="testngconcepts.TC004_DataProvider"/>
  <testcase name="login" time="0.003" classname="testngconcepts.TC004_DataProvider"/>
</testsuite> <!-- TC004_DataProvider -->
