<?xml version="1.0" encoding="UTF-8"?>
<!-- Generated by org.testng.reporters.JUnitXMLReporter -->
<testsuite hostname="DESKTOP-V46V074" ignored="0" name="TC002_Test_Annotation_Priority" tests="2" failures="0" timestamp="17 Dec 2020 01:44:47 GMT" time="64.201" errors="0">
  <testcase name="signUpLink" time="1.347" classname="testngconcepts.TC002_Test_Annotation_Priority"/>
  <testcase name="verifyTitle" time="0.141" classname="testngconcepts.TC002_Test_Annotation_Priority"/>
</testsuite> <!-- TC002_Test_Annotation_Priority -->
